<!DOCTYPE suite SYSTEM "https://testng.org/testng-1.0.dtd">
<suite name="AndroidTestSuite" parallel="tests" thread-count="1" group-by-instances="true">
    <parameter name="platform" value="android"/>
    <test name="AndroidTest">
        <classes>
            <class name="mobile.tests.MainScreenTest"/>
            <class name="mobile.tests.ClickActionTest"/>
            <class name="mobile.tests.TypeActionTest"/>
        </classes>
    </test>
</suite>
